<?xml version="1.0" encoding="UTF-8"?>
<!-- Generated by org.testng.reporters.JUnitReportReporter -->
<testsuite hostname="LAPTOP-3DLPEHOF" failures="0" tests="1" name="com.trello.testcases.TrelloBoards" time="29.878" errors="0" timestamp="2023-06-22T21:43:31 IST" skipped="0">
  <testcase classname="com.trello.testcases.TrelloBoards" name="trelloBoardPageCheck" time="29.878"/>
  <system-out/>
</testsuite> <!-- com.trello.testcases.TrelloBoards -->
