<?xml version="1.0" encoding="UTF-8"?>
<!-- Generated by org.testng.reporters.JUnitReportReporter -->
<testsuite hostname="LAPTOP-3DLPEHOF" failures="0" tests="1" name="com.trello.testcases.TrelloBoards2" time="106.302" errors="0" timestamp="2023-06-28T14:38:25 IST" skipped="0">
  <testcase classname="com.trello.testcases.TrelloBoards2" name="trelloCreateMultipleListAndSwapInCreatedBoard" time="106.302"/>
  <system-out>
    <![CDATA[BoardTitleTextField is visible]]>
  </system-out>
</testsuite> <!-- com.trello.testcases.TrelloBoards2 -->
