<?xml version="1.0" encoding="UTF-8"?>
<!-- Generated by org.testng.reporters.JUnitReportReporter -->
<testsuite hostname="LAPTOP-3DLPEHOF" failures="0" tests="10" name="com.trello.testcases.TrelloBoards" time="227.222" errors="0" timestamp="2023-06-12T08:58:26 IST" skipped="0">
  <testcase classname="com.trello.testcases.TrelloBoards" name="trelloHomePageCheck" time="5.963"/>
  <system-out/>
  <testcase classname="com.trello.testcases.TrelloBoards" name="trelloHomePageCheck" time="6.386"/>
  <system-out/>
  <testcase classname="com.trello.testcases.TrelloBoards" name="trelloLoginPageCheck" time="12.529"/>
  <system-out/>
  <testcase classname="com.trello.testcases.TrelloBoards" name="trelloLoginPageCheck" time="9.730"/>
  <system-out/>
  <testcase classname="com.trello.testcases.TrelloBoards" name="trelloBoardPageCheck" time="24.978"/>
  <system-out/>
  <testcase classname="com.trello.testcases.TrelloBoards" name="trelloBoardPageCheck" time="24.562"/>
  <system-out/>
  <testcase classname="com.trello.testcases.TrelloBoards" name="trelloCreateAndDeleteBoard" time="35.447"/>
  <system-out>
    <![CDATA[BoardTitleTextField is visible]]>
  </system-out>
  <testcase classname="com.trello.testcases.TrelloBoards" name="trelloCreateAndDeleteBoard" time="35.288"/>
  <system-out>
    <![CDATA[BoardTitleTextField is visible]]>
  </system-out>
  <testcase classname="com.trello.testcases.TrelloBoards" name="trelloCreateMultipleListAndSwapInCreatedBoard" time="35.290"/>
  <system-out>
    <![CDATA[BoardTitleTextField is visible]]>
  </system-out>
  <testcase classname="com.trello.testcases.TrelloBoards" name="trelloCreateMultipleListAndSwapInCreatedBoard" time="37.049"/>
  <system-out>
    <![CDATA[BoardTitleTextField is visible]]>
  </system-out>
</testsuite> <!-- com.trello.testcases.TrelloBoards -->
